<?xml version="1.0" encoding="UTF-8"?>
<testng-results ignored="0" total="1" passed="1" failed="0" skipped="0">
  <reporter-output>
  </reporter-output>
  <suite started-at="2020-07-14T18:48:16 CDT" name="Default suite" finished-at="2020-07-14T18:48:19 CDT" duration-ms="2444">
    <groups>
    </groups>
    <test started-at="2020-07-14T18:48:16 CDT" name="Default test" finished-at="2020-07-14T18:48:19 CDT" duration-ms="2444">
      <class name="Test_Post">
        <test-method signature="test_post()[pri:0, instance:Test_Post@1b083826]" started-at="2020-07-14T18:48:16 CDT" name="test_post" finished-at="2020-07-14T18:48:19 CDT" duration-ms="2408" status="PASS">
          <reporter-output>
          </reporter-output>
        </test-method> <!-- test_post -->
      </class> <!-- Test_Post -->
    </test> <!-- Default test -->
  </suite> <!-- Default suite -->
</testng-results>
